<?xml version="1.0" encoding="utf-8"?><testsuites name="pytest tests"><testsuite name="pytest" errors="0" failures="0" skipped="0" tests="10" time="2.904" timestamp="2026-04-20T17:36:00.203634+00:00" hostname="agent-env-98f7dc87-659e-493f-9b3d-f858ec8bd2db"><testcase classname="backend.tests.test_personalized_ranking_v10.TestSeed" name="test_seed_returns_three_users" time="0.146" /><testcase classname="backend.tests.test_personalized_ranking_v10.TestPersonalizedOffers" name="test_heavy_buyer_personalized" time="1.186" /><testcase classname="backend.tests.test_personalized_ranking_v10.TestPersonalizedOffers" name="test_discount_hunter_different_ranking" time="0.306" /><testcase classname="backend.tests.test_personalized_ranking_v10.TestPersonalizedOffers" name="test_new_user_cold_start" time="0.161" /><testcase classname="backend.tests.test_personalized_ranking_v10.TestPersonalizedOffers" name="test_no_geolocation_no_crash" time="0.174" /><testcase classname="backend.tests.test_personalized_ranking_v10.TestPersonalizedOffers" name="test_debug_false_no_breakdown" time="0.174" /><testcase classname="backend.tests.test_personalized_ranking_v10.TestPersonalizedOffers" name="test_offers_have_score_and_reason_label" time="0.123" /><testcase classname="backend.tests.test_personalized_ranking_v10.TestPurchaseCRUD" name="test_record_single_purchase_and_verify" time="0.291" /><testcase classname="backend.tests.test_personalized_ranking_v10.TestPurchaseCRUD" name="test_get_purchase_history_heavy" time="0.166" /><testcase classname="backend.tests.test_personalized_ranking_v10.TestPurchaseCRUD" name="test_unauthenticated_personalized_blocked" time="0.116" /></testsuite></testsuites>