<?xml version="1.0" encoding="utf-8"?><testsuites name="pytest tests"><testsuite name="pytest" errors="0" failures="0" skipped="0" tests="5" time="0.700" timestamp="2026-04-26T10:38:11.676415+00:00" hostname="agent-env-98f7dc87-659e-493f-9b3d-f858ec8bd2db"><testcase classname="backend.tests.test_map_and_scrape_v11" name="test_discover_returns_osm_stores" time="0.135" /><testcase classname="backend.tests.test_map_and_scrape_v11" name="test_nearby_returns_only_osm" time="0.047" /><testcase classname="backend.tests.test_map_and_scrape_v11" name="test_scrape_offerte_endpoint" time="0.048" /><testcase classname="backend.tests.test_map_and_scrape_v11" name="test_scrape_offerte_no_stores_in_area" time="0.044" /><testcase classname="backend.tests.test_map_and_scrape_v11" name="test_personalized_offers_use_osm_stores" time="0.373" /></testsuite></testsuites>