<?xml version="1.0" encoding="utf-8"?><testsuites name="pytest tests"><testsuite name="pytest" errors="0" failures="0" skipped="0" tests="14" time="1.810" timestamp="2026-03-21T20:37:02.994942+00:00" hostname="agent-env-98f7dc87-659e-493f-9b3d-f858ec8bd2db"><testcase classname="backend.tests.test_geolocation_products_v6.TestAutocompleteImprovements" name="test_autocomplete_returns_multiple_results" time="0.159" /><testcase classname="backend.tests.test_geolocation_products_v6.TestAutocompleteImprovements" name="test_autocomplete_contains_matching" time="0.115" /><testcase classname="backend.tests.test_geolocation_products_v6.TestAutocompleteImprovements" name="test_autocomplete_diverse_results" time="0.113" /><testcase classname="backend.tests.test_geolocation_products_v6.TestAutocompleteImprovements" name="test_autocomplete_max_20_results" time="0.095" /><testcase classname="backend.tests.test_geolocation_products_v6.TestCatalogoEndpoint" name="test_catalogo_returns_210_products" time="0.121" /><testcase classname="backend.tests.test_geolocation_products_v6.TestCatalogoEndpoint" name="test_catalogo_product_structure" time="0.109" /><testcase classname="backend.tests.test_geolocation_products_v6.TestCatalogoEndpoint" name="test_catalogo_filter_by_categoria" time="0.101" /><testcase classname="backend.tests.test_geolocation_products_v6.TestCatalogoEndpoint" name="test_catalogo_filter_latticini" time="0.111" /><testcase classname="backend.tests.test_geolocation_products_v6.TestProdottiPagination" name="test_prodotti_limit_500" time="0.148" /><testcase classname="backend.tests.test_geolocation_products_v6.TestProdottiPagination" name="test_prodotti_default_limit" time="0.116" /><testcase classname="backend.tests.test_geolocation_products_v6.TestProdottiPagination" name="test_prodotti_skip_pagination" time="0.255" /><testcase classname="backend.tests.test_geolocation_products_v6.TestProdottiPagination" name="test_prodotti_filter_by_categoria" time="0.101" /><testcase classname="backend.tests.test_geolocation_products_v6.TestCategorieEndpoint" name="test_get_all_categories" time="0.105" /><testcase classname="backend.tests.test_geolocation_products_v6.TestSupermercatiEndpoint" name="test_get_all_supermercati" time="0.107" /></testsuite></testsuites>