<?xml version="1.0" encoding="utf-8"?><testsuites name="pytest tests"><testsuite name="pytest" errors="0" failures="0" skipped="0" tests="14" time="6.057" timestamp="2026-03-28T13:35:12.320360+00:00" hostname="agent-env-98f7dc87-659e-493f-9b3d-f858ec8bd2db"><testcase classname="backend.tests.test_p0_fuzzy_matching_multisource.TestFuzzyMatchingOptimization" name="test_fuzzy_match_olio_extravergine_1l" time="0.577" /><testcase classname="backend.tests.test_p0_fuzzy_matching_multisource.TestFuzzyMatchingOptimization" name="test_fuzzy_match_pasta_penne_500g" time="0.113" /><testcase classname="backend.tests.test_p0_fuzzy_matching_multisource.TestFuzzyMatchingOptimization" name="test_fuzzy_match_mozzarella_250g" time="0.124" /><testcase classname="backend.tests.test_p0_fuzzy_matching_multisource.TestFuzzyMatchingOptimization" name="test_exact_match_latte_intero" time="0.107" /><testcase classname="backend.tests.test_p0_fuzzy_matching_multisource.TestFuzzyMatchingOptimization" name="test_unknown_product_in_non_trovati" time="0.104" /><testcase classname="backend.tests.test_p0_fuzzy_matching_multisource.TestFuzzyMatchingOptimization" name="test_location_filtering_pioltello" time="0.112" /><testcase classname="backend.tests.test_p0_fuzzy_matching_multisource.TestFuzzyMatchingOptimization" name="test_location_filtering_catania" time="0.127" /><testcase classname="backend.tests.test_p0_fuzzy_matching_multisource.TestMultiSourceScraping" name="test_scraper_categories_returns_fonti_disponibili" time="0.105" /><testcase classname="backend.tests.test_p0_fuzzy_matching_multisource.TestMultiSourceScraping" name="test_search_preview_doveconviene_latte" time="2.053" /><testcase classname="backend.tests.test_p0_fuzzy_matching_multisource.TestMultiSourceScraping" name="test_search_preview_results_have_fonte_field" time="2.028" /><testcase classname="backend.tests.test_p0_fuzzy_matching_multisource.TestMultiSourceScraping" name="test_scraper_run_triggers_without_error" time="0.158" /><testcase classname="backend.tests.test_p0_fuzzy_matching_multisource.TestMultiSourceScraping" name="test_scraper_status_returns_status" time="0.110" /><testcase classname="backend.tests.test_p0_fuzzy_matching_multisource.TestPriceMatrixFuzzyMatching" name="test_matrice_prezzi_fuzzy_matching" time="0.114" /><testcase classname="backend.tests.test_p0_fuzzy_matching_multisource.TestOptimizationResponseStructure" name="test_optimization_response_structure" time="0.111" /></testsuite></testsuites>