<?xml version="1.0" encoding="utf-8"?><testsuites name="pytest tests"><testsuite name="pytest" errors="0" failures="0" skipped="0" tests="14" time="5.575" timestamp="2026-03-18T17:48:11.479759+00:00" hostname="agent-env-98f7dc87-659e-493f-9b3d-f858ec8bd2db"><testcase classname="backend.tests.test_auth_flows.TestHealthEndpoints" name="test_api_root" time="0.218" /><testcase classname="backend.tests.test_auth_flows.TestHealthEndpoints" name="test_health_endpoint" time="0.152" /><testcase classname="backend.tests.test_auth_flows.TestAuthRegisterLogin" name="test_register_user" time="0.451" /><testcase classname="backend.tests.test_auth_flows.TestAuthRegisterLogin" name="test_login_user" time="0.368" /><testcase classname="backend.tests.test_auth_flows.TestAuthRegisterLogin" name="test_login_invalid_credentials" time="0.167" /><testcase classname="backend.tests.test_auth_flows.TestAuthRegisterLogin" name="test_get_me_authenticated" time="0.211" /><testcase classname="backend.tests.test_auth_flows.TestAuthRegisterLogin" name="test_get_me_no_token" time="0.150" /><testcase classname="backend.tests.test_auth_flows.TestForgotPasswordFlow" name="test_forgot_password_existing_email" time="0.564" /><testcase classname="backend.tests.test_auth_flows.TestForgotPasswordFlow" name="test_forgot_password_nonexistent_email" time="0.142" /><testcase classname="backend.tests.test_auth_flows.TestForgotPasswordFlow" name="test_verify_reset_token_valid" time="0.641" /><testcase classname="backend.tests.test_auth_flows.TestForgotPasswordFlow" name="test_verify_reset_token_invalid" time="0.134" /><testcase classname="backend.tests.test_auth_flows.TestForgotPasswordFlow" name="test_reset_password_valid_token" time="1.273" /><testcase classname="backend.tests.test_auth_flows.TestForgotPasswordFlow" name="test_reset_password_invalid_token" time="0.184" /><testcase classname="backend.tests.test_auth_flows.TestRegisterWithReferral" name="test_register_with_referral_code" time="0.742" /></testsuite></testsuites>