<?xml version="1.0" encoding="utf-8"?><testsuites name="pytest tests"><testsuite name="pytest" errors="0" failures="0" skipped="0" tests="20" time="3.288" timestamp="2026-03-24T20:28:51.178712+00:00" hostname="agent-env-98f7dc87-659e-493f-9b3d-f858ec8bd2db"><testcase classname="backend.tests.test_lombardia_sicilia_expansion.TestSeedAndSupermercati" name="test_seed_creates_33_supermarkets" time="0.499" /><testcase classname="backend.tests.test_lombardia_sicilia_expansion.TestSeedAndSupermercati" name="test_get_all_supermercati_returns_33" time="0.144" /><testcase classname="backend.tests.test_lombardia_sicilia_expansion.TestSeedAndSupermercati" name="test_supermercati_have_correct_regions" time="0.113" /><testcase classname="backend.tests.test_lombardia_sicilia_expansion.TestNearbyEndpoint" name="test_nearby_catania_returns_7_stores" time="0.127" /><testcase classname="backend.tests.test_lombardia_sicilia_expansion.TestNearbyEndpoint" name="test_nearby_gallarate_returns_9_stores" time="0.129" /><testcase classname="backend.tests.test_lombardia_sicilia_expansion.TestNearbyEndpoint" name="test_nearby_palermo_returns_5_stores" time="0.194" /><testcase classname="backend.tests.test_lombardia_sicilia_expansion.TestNearbyEndpoint" name="test_nearby_pioltello_returns_12_stores" time="0.146" /><testcase classname="backend.tests.test_lombardia_sicilia_expansion.TestCoperturaEndpoint" name="test_copertura_returns_zones" time="0.156" /><testcase classname="backend.tests.test_lombardia_sicilia_expansion.TestCoperturaEndpoint" name="test_copertura_zone_details" time="0.107" /><testcase classname="backend.tests.test_lombardia_sicilia_expansion.TestCoperturaEndpoint" name="test_copertura_message" time="0.132" /><testcase classname="backend.tests.test_lombardia_sicilia_expansion.TestProductsWithRegionalPricing" name="test_pomodoro_esselunga_gallarate" time="0.113" /><testcase classname="backend.tests.test_lombardia_sicilia_expansion.TestProductsWithRegionalPricing" name="test_latte_conad_catania" time="0.123" /><testcase classname="backend.tests.test_lombardia_sicilia_expansion.TestProductsWithRegionalPricing" name="test_pasta_deco_catania" time="0.105" /><testcase classname="backend.tests.test_lombardia_sicilia_expansion.TestProductsWithRegionalPricing" name="test_regional_price_variation" time="0.285" /><testcase classname="backend.tests.test_lombardia_sicilia_expansion.TestNewChains" name="test_il_gigante_exists" time="0.119" /><testcase classname="backend.tests.test_lombardia_sicilia_expansion.TestNewChains" name="test_deco_exists" time="0.107" /><testcase classname="backend.tests.test_lombardia_sicilia_expansion.TestNewChains" name="test_ipercoop_exists" time="0.187" /><testcase classname="backend.tests.test_lombardia_sicilia_expansion.TestSupermercatoById" name="test_get_esselunga_gallarate" time="0.127" /><testcase classname="backend.tests.test_lombardia_sicilia_expansion.TestSupermercatoById" name="test_get_deco_catania" time="0.118" /><testcase classname="backend.tests.test_lombardia_sicilia_expansion.TestSupermercatoById" name="test_get_nonexistent_returns_404" time="0.143" /></testsuite></testsuites>