<?xml version="1.0" encoding="utf-8"?><testsuites name="pytest tests"><testsuite name="pytest" errors="0" failures="0" skipped="0" tests="17" time="6.184" timestamp="2026-03-21T18:17:54.455631+00:00" hostname="agent-env-98f7dc87-659e-493f-9b3d-f858ec8bd2db"><testcase classname="backend.tests.test_shopply_v22.TestSeedEndpoint" name="test_seed_database" time="0.313" /><testcase classname="backend.tests.test_shopply_v22.TestSupermercatiEndpoints" name="test_get_all_supermercati" time="0.138" /><testcase classname="backend.tests.test_shopply_v22.TestSupermercatiEndpoints" name="test_get_supermercato_by_id" time="0.242" /><testcase classname="backend.tests.test_shopply_v22.TestSupermercatiEndpoints" name="test_get_supermercato_not_found" time="0.100" /><testcase classname="backend.tests.test_shopply_v22.TestProdottiEndpoints" name="test_get_all_prodotti" time="0.116" /><testcase classname="backend.tests.test_shopply_v22.TestProdottiEndpoints" name="test_get_prodotti_by_categoria" time="0.120" /><testcase classname="backend.tests.test_shopply_v22.TestProdottiEndpoints" name="test_get_prodotti_in_offerta" time="0.124" /><testcase classname="backend.tests.test_shopply_v22.TestProdottiEndpoints" name="test_get_prodotti_search" time="0.113" /><testcase classname="backend.tests.test_shopply_v22.TestProdottiEndpoints" name="test_autocomplete_prodotti" time="0.119" /><testcase classname="backend.tests.test_shopply_v22.TestProdottiEndpoints" name="test_get_categorie" time="0.112" /><testcase classname="backend.tests.test_shopply_v22.TestScraperEndpoints" name="test_scraper_categories" time="0.447" /><testcase classname="backend.tests.test_shopply_v22.TestScraperEndpoints" name="test_scraper_status" time="0.120" /><testcase classname="backend.tests.test_shopply_v22.TestScraperEndpoints" name="test_scraper_log" time="0.094" /><testcase classname="backend.tests.test_shopply_v22.TestScraperEndpoints" name="test_scraper_search_preview" time="1.359" /><testcase classname="backend.tests.test_shopply_v22.TestScraperEndpoints" name="test_scraper_run_single_term" time="2.328" /><testcase classname="backend.tests.test_shopply_v22.TestScraperEndpoints" name="test_scraper_requires_auth" time="0.114" /><testcase classname="backend.tests.test_shopply_v22.TestOfferte" name="test_get_offerte" time="0.116" /></testsuite></testsuites>