<?xml version="1.0" encoding="utf-8"?><testsuites name="pytest tests"><testsuite name="pytest" errors="0" failures="0" skipped="0" tests="37" time="9.232" timestamp="2026-03-28T14:50:13.872430+00:00" hostname="agent-env-98f7dc87-659e-493f-9b3d-f858ec8bd2db"><testcase classname="backend.tests.test_refactoring_regression_v9.TestHealthEndpoints" name="test_health_endpoint" time="0.259" /><testcase classname="backend.tests.test_refactoring_regression_v9.TestHealthEndpoints" name="test_root_endpoint" time="0.057" /><testcase classname="backend.tests.test_refactoring_regression_v9.TestAuthEndpoints" name="test_login_success" time="0.283" /><testcase classname="backend.tests.test_refactoring_regression_v9.TestAuthEndpoints" name="test_login_invalid_credentials" time="0.050" /><testcase classname="backend.tests.test_refactoring_regression_v9.TestAuthEndpoints" name="test_get_me_authenticated" time="0.327" /><testcase classname="backend.tests.test_refactoring_regression_v9.TestAuthEndpoints" name="test_get_me_unauthenticated" time="0.114" /><testcase classname="backend.tests.test_refactoring_regression_v9.TestAuthEndpoints" name="test_forgot_password" time="0.056" /><testcase classname="backend.tests.test_refactoring_regression_v9.TestAuthEndpoints" name="test_register_duplicate_email" time="0.053" /><testcase classname="backend.tests.test_refactoring_regression_v9.TestSupermercatiEndpoints" name="test_get_supermercati" time="0.048" /><testcase classname="backend.tests.test_refactoring_regression_v9.TestSupermercatiEndpoints" name="test_get_supermercati_nearby_pioltello" time="0.051" /><testcase classname="backend.tests.test_refactoring_regression_v9.TestSupermercatiEndpoints" name="test_get_supermercato_by_id" time="0.051" /><testcase classname="backend.tests.test_refactoring_regression_v9.TestSupermercatiEndpoints" name="test_get_supermercato_not_found" time="0.053" /><testcase classname="backend.tests.test_refactoring_regression_v9.TestSupermercatiEndpoints" name="test_get_copertura" time="0.050" /><testcase classname="backend.tests.test_refactoring_regression_v9.TestProdottiEndpoints" name="test_get_prodotti" time="0.051" /><testcase classname="backend.tests.test_refactoring_regression_v9.TestProdottiEndpoints" name="test_get_prodotti_by_categoria" time="0.059" /><testcase classname="backend.tests.test_refactoring_regression_v9.TestProdottiEndpoints" name="test_get_prodotti_search" time="0.057" /><testcase classname="backend.tests.test_refactoring_regression_v9.TestProdottiEndpoints" name="test_get_categorie" time="0.048" /><testcase classname="backend.tests.test_refactoring_regression_v9.TestProdottiEndpoints" name="test_autocomplete_prodotti" time="0.055" /><testcase classname="backend.tests.test_refactoring_regression_v9.TestProdottiEndpoints" name="test_get_offerte" time="0.058" /><testcase classname="backend.tests.test_refactoring_regression_v9.TestOttimizzaEndpoints" name="test_ottimizza_basic" time="0.055" /><testcase classname="backend.tests.test_refactoring_regression_v9.TestOttimizzaEndpoints" name="test_ottimizza_fuzzy_matching" time="0.067" /><testcase classname="backend.tests.test_refactoring_regression_v9.TestOttimizzaEndpoints" name="test_ottimizza_location_filtering" time="0.064" /><testcase classname="backend.tests.test_refactoring_regression_v9.TestOttimizzaEndpoints" name="test_ottimizza_unknown_product" time="0.060" /><testcase classname="backend.tests.test_refactoring_regression_v9.TestOttimizzaEndpoints" name="test_matrice_prezzi" time="0.059" /><testcase classname="backend.tests.test_refactoring_regression_v9.TestOttimizzaEndpoints" name="test_get_storico" time="0.048" /><testcase classname="backend.tests.test_refactoring_regression_v9.TestListeEndpoints" name="test_create_and_get_lista" time="0.174" /><testcase classname="backend.tests.test_refactoring_regression_v9.TestNotificheEndpoints" name="test_get_notifiche" time="0.053" /><testcase classname="backend.tests.test_refactoring_regression_v9.TestNotificheEndpoints" name="test_get_notifiche_non_lette" time="0.056" /><testcase classname="backend.tests.test_refactoring_regression_v9.TestReferralEndpoints" name="test_get_referral_stats" time="0.054" /><testcase classname="backend.tests.test_refactoring_regression_v9.TestReferralEndpoints" name="test_get_referral_inviti" time="0.053" /><testcase classname="backend.tests.test_refactoring_regression_v9.TestReferralEndpoints" name="test_get_classifica_referral" time="0.051" /><testcase classname="backend.tests.test_refactoring_regression_v9.TestScraperEndpoints" name="test_get_scraper_categories" time="0.053" /><testcase classname="backend.tests.test_refactoring_regression_v9.TestScraperEndpoints" name="test_scraper_search_preview" time="6.237" /><testcase classname="backend.tests.test_refactoring_regression_v9.TestScraperEndpoints" name="test_get_scraper_status" time="0.052" /><testcase classname="backend.tests.test_refactoring_regression_v9.TestFamigliaEndpoints" name="test_get_famiglia" time="0.048" /><testcase classname="backend.tests.test_refactoring_regression_v9.TestFamigliaEndpoints" name="test_get_inviti_famiglia" time="0.058" /><testcase classname="backend.tests.test_refactoring_regression_v9.TestPreferenzeEndpoints" name="test_get_preferenze" time="0.051" /></testsuite></testsuites>